# JRE version: OpenJDK Runtime Environment (24.0.1+9) (build 24.0.1+9-30)
# Java VM: OpenJDK 64-Bit Server VM (24.0.1+9-30, mixed mode, emulated-client, sharing, tiered, compressed oops, compressed class ptrs, g1 gc, windows-amd64)
GC Precious Log:
 CardTable entry size: 512
 Card Set container configuration: InlinePtr #cards 4 size 8 Array Of Cards #cards 16 size 48 Howl #buckets 8 coarsen threshold 3686 Howl Bitmap #cards 512 size 80 coarsen threshold 460 Card regions per heap region 1 cards per card region 4096
 CPUs: 12 total, 12 available
 Memory: 16253M
 Large Page Support: Disabled
 NUMA Support: Disabled
 Compressed Oops: Enabled (Zero based)
 Heap Region Size: 2M
 Heap Min Capacity: 8M
 Heap Initial Capacity: 254M
 Heap Max Capacity: 4064M
 Pre-touch: Disabled
 Parallel Workers: 10
 Concurrent Workers: 3
 Concurrent Refinement Workers: 10
 Periodic GC: Disabled
Heap:
 garbage-first heap   total reserved 4161536K, committed 77824K, used 42146K [0x0000000702000000, 0x0000000800000000)
  region size 2048K, 9 young (18432K), 3 survivors (6144K)
 Metaspace       used 69031K, committed 69632K, reserved 1114112K
  class space    used 7827K, committed 8064K, reserved 1048576K
GC Heap History (20 events):
Event: 2.038 GC heap before
{Heap before GC invocations=0 (full 0):
 garbage-first heap   total reserved 4161536K, committed 262144K, used 48240K [0x0000000702000000, 0x0000000800000000)
  region size 2048K, 24 young (49152K), 0 survivors (0K)
 Metaspace       used 10097K, committed 10368K, reserved 1114112K
  class space    used 1089K, committed 1216K, reserved 1048576K
}
Event: 2.042 GC heap after
{Heap after GC invocations=1 (full 0):
 garbage-first heap   total reserved 4161536K, committed 262144K, used 10040K [0x0000000702000000, 0x0000000800000000)
  region size 2048K, 3 young (6144K), 3 survivors (6144K)
 Metaspace       used 10097K, committed 10368K, reserved 1114112K
  class space    used 1089K, committed 1216K, reserved 1048576K
}
Event: 2.504 GC heap before
{Heap before GC invocations=1 (full 0):
 garbage-first heap   total reserved 4161536K, committed 262144K, used 57144K [0x0000000702000000, 0x0000000800000000)
  region size 2048K, 28 young (57344K), 3 survivors (6144K)
 Metaspace       used 21180K, committed 21504K, reserved 1114112K
  class space    used 2287K, committed 2432K, reserved 1048576K
}
Event: 2.508 GC heap after
{Heap after GC invocations=2 (full 0):
 garbage-first heap   total reserved 4161536K, committed 262144K, used 14311K [0x0000000702000000, 0x0000000800000000)
  region size 2048K, 6 young (12288K), 6 survivors (12288K)
 Metaspace       used 21180K, committed 21504K, reserved 1114112K
  class space    used 2287K, committed 2432K, reserved 1048576K
}
Event: 2.939 GC heap before
{Heap before GC invocations=3 (full 0):
 garbage-first heap   total reserved 4161536K, committed 61440K, used 57319K [0x0000000702000000, 0x0000000800000000)
  region size 2048K, 27 young (55296K), 6 survivors (12288K)
 Metaspace       used 26550K, committed 26944K, reserved 1114112K
  class space    used 2964K, committed 3136K, reserved 1048576K
}
Event: 2.944 GC heap after
{Heap after GC invocations=4 (full 0):
 garbage-first heap   total reserved 4161536K, committed 77824K, used 17414K [0x0000000702000000, 0x0000000800000000)
  region size 2048K, 4 young (8192K), 4 survivors (8192K)
 Metaspace       used 26550K, committed 26944K, reserved 1114112K
  class space    used 2964K, committed 3136K, reserved 1048576K
}
Event: 3.269 GC heap before
{Heap before GC invocations=4 (full 0):
 garbage-first heap   total reserved 4161536K, committed 77824K, used 50182K [0x0000000702000000, 0x0000000800000000)
  region size 2048K, 20 young (40960K), 4 survivors (8192K)
 Metaspace       used 30391K, committed 30848K, reserved 1114112K
  class space    used 3453K, committed 3648K, reserved 1048576K
}
Event: 3.274 GC heap after
{Heap after GC invocations=5 (full 0):
 garbage-first heap   total reserved 4161536K, committed 77824K, used 20257K [0x0000000702000000, 0x0000000800000000)
  region size 2048K, 2 young (4096K), 2 survivors (4096K)
 Metaspace       used 30391K, committed 30848K, reserved 1114112K
  class space    used 3453K, committed 3648K, reserved 1048576K
}
Event: 3.664 GC heap before
{Heap before GC invocations=5 (full 0):
 garbage-first heap   total reserved 4161536K, committed 77824K, used 48929K [0x0000000702000000, 0x0000000800000000)
  region size 2048K, 17 young (34816K), 2 survivors (4096K)
 Metaspace       used 35518K, committed 35968K, reserved 1114112K
  class space    used 4024K, committed 4224K, reserved 1048576K
}
Event: 3.667 GC heap after
{Heap after GC invocations=6 (full 0):
 garbage-first heap   total reserved 4161536K, committed 77824K, used 21455K [0x0000000702000000, 0x0000000800000000)
  region size 2048K, 3 young (6144K), 3 survivors (6144K)
 Metaspace       used 35518K, committed 35968K, reserved 1114112K
  class space    used 4024K, committed 4224K, reserved 1048576K
}
Event: 4.326 GC heap before
{Heap before GC invocations=7 (full 0):
 garbage-first heap   total reserved 4161536K, committed 77824K, used 58319K [0x0000000702000000, 0x0000000800000000)
  region size 2048K, 21 young (43008K), 3 survivors (6144K)
 Metaspace       used 48621K, committed 49152K, reserved 1114112K
  class space    used 5394K, committed 5632K, reserved 1048576K
}
Event: 4.329 GC heap after
{Heap after GC invocations=8 (full 0):
 garbage-first heap   total reserved 4161536K, committed 77824K, used 24571K [0x0000000702000000, 0x0000000800000000)
  region size 2048K, 3 young (6144K), 3 survivors (6144K)
 Metaspace       used 48621K, committed 49152K, reserved 1114112K
  class space    used 5394K, committed 5632K, reserved 1048576K
}
Event: 4.806 GC heap before
{Heap before GC invocations=8 (full 0):
 garbage-first heap   total reserved 4161536K, committed 77824K, used 59387K [0x0000000702000000, 0x0000000800000000)
  region size 2048K, 20 young (40960K), 3 survivors (6144K)
 Metaspace       used 57582K, committed 58048K, reserved 1114112K
  class space    used 6424K, committed 6656K, reserved 1048576K
}
Event: 4.809 GC heap after
{Heap after GC invocations=9 (full 0):
 garbage-first heap   total reserved 4161536K, committed 77824K, used 26493K [0x0000000702000000, 0x0000000800000000)
  region size 2048K, 3 young (6144K), 3 survivors (6144K)
 Metaspace       used 57582K, committed 58048K, reserved 1114112K
  class space    used 6424K, committed 6656K, reserved 1048576K
}
Event: 4.925 GC heap before
{Heap before GC invocations=9 (full 0):
 garbage-first heap   total reserved 4161536K, committed 77824K, used 34685K [0x0000000702000000, 0x0000000800000000)
  region size 2048K, 8 young (16384K), 3 survivors (6144K)
 Metaspace       used 59676K, committed 60160K, reserved 1114112K
  class space    used 6666K, committed 6912K, reserved 1048576K
}
Event: 4.927 GC heap after
{Heap after GC invocations=10 (full 0):
 garbage-first heap   total reserved 4161536K, committed 77824K, used 27089K [0x0000000702000000, 0x0000000800000000)
  region size 2048K, 2 young (4096K), 2 survivors (4096K)
 Metaspace       used 59676K, committed 60160K, reserved 1114112K
  class space    used 6666K, committed 6912K, reserved 1048576K
}
Event: 5.353 GC heap before
{Heap before GC invocations=11 (full 0):
 garbage-first heap   total reserved 4161536K, committed 77824K, used 61905K [0x0000000702000000, 0x0000000800000000)
  region size 2048K, 20 young (40960K), 2 survivors (4096K)
 Metaspace       used 65068K, committed 65600K, reserved 1114112K
  class space    used 7319K, committed 7552K, reserved 1048576K
}
Event: 5.355 GC heap after
{Heap after GC invocations=12 (full 0):
 garbage-first heap   total reserved 4161536K, committed 77824K, used 29844K [0x0000000702000000, 0x0000000800000000)
  region size 2048K, 3 young (6144K), 3 survivors (6144K)
 Metaspace       used 65068K, committed 65600K, reserved 1114112K
  class space    used 7319K, committed 7552K, reserved 1048576K
}
Event: 86.271 GC heap before
{Heap before GC invocations=12 (full 0):
 garbage-first heap   total reserved 4161536K, committed 77824K, used 64660K [0x0000000702000000, 0x0000000800000000)
  region size 2048K, 20 young (40960K), 3 survivors (6144K)
 Metaspace       used 68136K, committed 68800K, reserved 1114112K
  class space    used 7707K, committed 8000K, reserved 1048576K
}
Event: 86.274 GC heap after
{Heap after GC invocations=13 (full 0):
 garbage-first heap   total reserved 4161536K, committed 77824K, used 31906K [0x0000000702000000, 0x0000000800000000)
  region size 2048K, 3 young (6144K), 3 survivors (6144K)
 Metaspace       used 68136K, committed 68800K, reserved 1114112K
  class space    used 7707K, committed 8000K, reserved 1048576K
}

